<?xml version="1.0" encoding="UTF-8"?>
<!-- Generated by org.testng.reporters.JUnitReportReporter -->
<testsuite skipped="0" hostname="Rupom-Rups" name="Academy.validateNavigationBar" tests="1" failures="0" timestamp="23 Jul 2020 16:48:36 GMT" time="0.333" errors="0">
  <testcase name="validateAppNavBar" time="0.333" classname="Academy.validateNavigationBar"/>
</testsuite> <!-- Academy.validateNavigationBar -->
