<?xml version="1.0" encoding="UTF-8"?>
<!-- Generated by org.testng.reporters.JUnitReportReporter -->
<testsuite skipped="0" hostname="Rupom-Rups" name="Academy.validateTitle" tests="1" failures="0" timestamp="22 Jul 2020 07:44:15 GMT" time="0.084" errors="0">
  <testcase name="validateAppTitle" time="0.084" classname="Academy.validateTitle"/>
</testsuite> <!-- Academy.validateTitle -->
