<?xml version="1.0" encoding="UTF-8"?>
<!-- Generated by org.testng.reporters.JUnitReportReporter -->
<testsuite skipped="0" hostname="Rupom-Rups" name="Academy.validateNavigationBar" tests="1" failures="0" timestamp="22 Jun 2020 12:02:49 GMT" time="0.257" errors="0">
  <testcase name="validateAppNavBar" time="0.257" classname="Academy.validateNavigationBar"/>
</testsuite> <!-- Academy.validateNavigationBar -->
