<?xml version="1.0" encoding="UTF-8"?>
<!-- Generated by org.testng.reporters.JUnitReportReporter -->
<testsuite skipped="0" hostname="Rupom-Rups" name="Academy.validateTitle" tests="1" failures="0" timestamp="23 Jul 2020 16:51:21 GMT" time="0.092" errors="0">
  <testcase name="validateAppTitle" time="0.092" classname="Academy.validateTitle"/>
</testsuite> <!-- Academy.validateTitle -->
