<?xml version="1.0" encoding="UTF-8"?>
<!-- Generated by org.testng.reporters.JUnitReportReporter -->
<testsuite skipped="0" hostname="Rupom-Rups" name="Academy.validateTitle" tests="1" failures="0" timestamp="22 Jun 2020 12:02:49 GMT" time="0.275" errors="0">
  <testcase name="validateAppTitle" time="0.275" classname="Academy.validateTitle"/>
</testsuite> <!-- Academy.validateTitle -->
