<?xml version="1.0" encoding="UTF-8"?>
<!-- Generated by org.testng.reporters.JUnitReportReporter -->
<testsuite skipped="2" hostname="Rupom-Rups" name="Academy.HomePage" tests="3" failures="0" timestamp="28 Sep 2020 10:38:59 GMT" time="4.655" errors="1">
  <testcase name="initialize" time="4.655" classname="Academy.HomePage">
    <error type="org.openqa.selenium.SessionNotCreatedException" message="session not created: This version of ChromeDriver only supports Chrome version 83
Build info: version: &#039;3.141.59&#039;, revision: &#039;e82be7d358&#039;, time: &#039;2018-11-14T08:25:48&#039;
System info: host: &#039;RUPOM-RUPS&#039;, ip: &#039;192.168.0.104&#039;, os.name: &#039;Windows 8.1&#039;, os.arch: &#039;amd64&#039;, os.version: &#039;6.3&#039;, java.version: &#039;1.8.0_161&#039;
Driver info: driver.version: ChromeDriver
remote stacktrace: Backtrace:
	Ordinal0 [0x00F49563+2725219]
	Ordinal0 [0x00E48551+1672529]
	Ordinal0 [0x00D30359+525145]
	Ordinal0 [0x00CC0B77+68471]
	Ordinal0 [0x00CBD32C+54060]
	Ordinal0 [0x00CDCC37+183351]
	Ordinal0 [0x00CDCA3D+182845]
	Ordinal0 [0x00CDA94B+174411]
	Ordinal0 [0x00CC2528+75048]
	Ordinal0 [0x00CC35A0+79264]
	Ordinal0 [0x00CC3539+79161]
	Ordinal0 [0x00E5D607+1758727]
	GetHandleVerifier [0x01066546+1050150]
	GetHandleVerifier [0x01066291+1049457]
	GetHandleVerifier [0x010710D7+1094071]
	GetHandleVerifier [0x01066B46+1051686]
	Ordinal0 [0x00E55B06+1727238]
	Ordinal0 [0x00E5EB7B+1764219]
	Ordinal0 [0x00E5ECE3+1764579]
	Ordinal0 [0x00E74C05+1854469]
	BaseThreadInitThunk [0x7535919F+14]
	RtlInitializeExceptionChain [0x7746AD8F+143]
	RtlInitializeExceptionChain [0x7746AD5A+90]
">
      <![CDATA[org.openqa.selenium.SessionNotCreatedException: session not created: This version of ChromeDriver only supports Chrome version 83
Build info: version: '3.141.59', revision: 'e82be7d358', time: '2018-11-14T08:25:48'
System info: host: 'RUPOM-RUPS', ip: '192.168.0.104', os.name: 'Windows 8.1', os.arch: 'amd64', os.version: '6.3', java.version: '1.8.0_161'
Driver info: driver.version: ChromeDriver
remote stacktrace: Backtrace:
Ordinal0 [0x00F49563+2725219]
Ordinal0 [0x00E48551+1672529]
Ordinal0 [0x00D30359+525145]
Ordinal0 [0x00CC0B77+68471]
Ordinal0 [0x00CBD32C+54060]
Ordinal0 [0x00CDCC37+183351]
Ordinal0 [0x00CDCA3D+182845]
Ordinal0 [0x00CDA94B+174411]
Ordinal0 [0x00CC2528+75048]
Ordinal0 [0x00CC35A0+79264]
Ordinal0 [0x00CC3539+79161]
Ordinal0 [0x00E5D607+1758727]
GetHandleVerifier [0x01066546+1050150]
GetHandleVerifier [0x01066291+1049457]
GetHandleVerifier [0x010710D7+1094071]
GetHandleVerifier [0x01066B46+1051686]
Ordinal0 [0x00E55B06+1727238]
Ordinal0 [0x00E5EB7B+1764219]
Ordinal0 [0x00E5ECE3+1764579]
Ordinal0 [0x00E74C05+1854469]
BaseThreadInitThunk [0x7535919F+14]
RtlInitializeExceptionChain [0x7746AD8F+143]
RtlInitializeExceptionChain [0x7746AD5A+90]

at sun.reflect.NativeConstructorAccessorImpl.newInstance0(Native Method)
at sun.reflect.NativeConstructorAccessorImpl.newInstance(NativeConstructorAccessorImpl.java:62)
at sun.reflect.DelegatingConstructorAccessorImpl.newInstance(DelegatingConstructorAccessorImpl.java:45)
at java.lang.reflect.Constructor.newInstance(Constructor.java:423)
at org.openqa.selenium.remote.W3CHandshakeResponse.lambda$errorHandler$0(W3CHandshakeResponse.java:62)
at org.openqa.selenium.remote.HandshakeResponse.lambda$getResponseFunction$0(HandshakeResponse.java:30)
at org.openqa.selenium.remote.ProtocolHandshake.lambda$createSession$0(ProtocolHandshake.java:126)
at java.util.stream.ReferencePipeline$3$1.accept(ReferencePipeline.java:193)
at java.util.Spliterators$ArraySpliterator.tryAdvance(Spliterators.java:958)
at java.util.stream.ReferencePipeline.forEachWithCancel(ReferencePipeline.java:126)
at java.util.stream.AbstractPipeline.copyIntoWithCancel(AbstractPipeline.java:498)
at java.util.stream.AbstractPipeline.copyInto(AbstractPipeline.java:485)
at java.util.stream.AbstractPipeline.wrapAndCopyInto(AbstractPipeline.java:471)
at java.util.stream.FindOps$FindOp.evaluateSequential(FindOps.java:152)
at java.util.stream.AbstractPipeline.evaluate(AbstractPipeline.java:234)
at java.util.stream.ReferencePipeline.findFirst(ReferencePipeline.java:464)
at org.openqa.selenium.remote.ProtocolHandshake.createSession(ProtocolHandshake.java:128)
at org.openqa.selenium.remote.ProtocolHandshake.createSession(ProtocolHandshake.java:74)
at org.openqa.selenium.remote.HttpCommandExecutor.execute(HttpCommandExecutor.java:136)
at org.openqa.selenium.remote.service.DriverCommandExecutor.execute(DriverCommandExecutor.java:83)
at org.openqa.selenium.remote.RemoteWebDriver.execute(RemoteWebDriver.java:552)
at org.openqa.selenium.remote.RemoteWebDriver.startSession(RemoteWebDriver.java:213)
at org.openqa.selenium.remote.RemoteWebDriver.<init>(RemoteWebDriver.java:131)
at org.openqa.selenium.chrome.ChromeDriver.<init>(ChromeDriver.java:181)
at org.openqa.selenium.chrome.ChromeDriver.<init>(ChromeDriver.java:168)
at org.openqa.selenium.chrome.ChromeDriver.<init>(ChromeDriver.java:157)
at resources.base.initializeDriver(base.java:43)
at Academy.HomePage.initialize(HomePage.java:28)
at sun.reflect.NativeMethodAccessorImpl.invoke0(Native Method)
at sun.reflect.NativeMethodAccessorImpl.invoke(NativeMethodAccessorImpl.java:62)
at sun.reflect.DelegatingMethodAccessorImpl.invoke(DelegatingMethodAccessorImpl.java:43)
at java.lang.reflect.Method.invoke(Method.java:498)
at org.testng.internal.MethodInvocationHelper.invokeMethod(MethodInvocationHelper.java:124)
at org.testng.internal.MethodInvocationHelper.invokeMethodConsideringTimeout(MethodInvocationHelper.java:59)
at org.testng.internal.Invoker.invokeConfigurationMethod(Invoker.java:455)
at org.testng.internal.Invoker.invokeConfigurations(Invoker.java:222)
at org.testng.internal.Invoker.invokeConfigurations(Invoker.java:142)
at org.testng.TestRunner.beforeRun(TestRunner.java:529)
at org.testng.TestRunner.run(TestRunner.java:497)
at org.testng.SuiteRunner.runTest(SuiteRunner.java:455)
at org.testng.SuiteRunner.access$000(SuiteRunner.java:40)
at org.testng.SuiteRunner$SuiteWorker.run(SuiteRunner.java:489)
at org.testng.internal.thread.ThreadUtil$1.call(ThreadUtil.java:52)
at java.util.concurrent.FutureTask.run(FutureTask.java:266)
at java.util.concurrent.ThreadPoolExecutor.runWorker(ThreadPoolExecutor.java:1149)
at java.util.concurrent.ThreadPoolExecutor$Worker.run(ThreadPoolExecutor.java:624)
at java.lang.Thread.run(Thread.java:748)
]]>
    </error>
  </testcase> <!-- initialize -->
  <testcase name="basePageNavigation" time="0.000" classname="Academy.HomePage">
    <skipped/>
  </testcase> <!-- basePageNavigation -->
  <testcase name="basePageNavigation" time="0.000" classname="Academy.HomePage">
    <skipped/>
  </testcase> <!-- basePageNavigation -->
</testsuite> <!-- Academy.HomePage -->
