<?xml version="1.0" encoding="UTF-8"?>
<!-- Generated by org.testng.reporters.JUnitReportReporter -->
<testsuite hostname="Rupom-Rups" name="Academy.validateTitle" tests="1" failures="0" timestamp="22 Jun 2020 12:31:48 GMT" time="0.051" errors="0">
  <testcase name="validateAppTitle" time="0.051" classname="Academy.validateTitle"/>
</testsuite> <!-- Academy.validateTitle -->
