<?xml version="1.0" encoding="UTF-8"?>
<!-- Generated by org.testng.reporters.JUnitReportReporter -->
<testsuite hostname="Rupom-Rups" name="Academy.validateNavigationBar" tests="1" failures="0" timestamp="22 Jun 2020 10:53:10 GMT" time="0.277" errors="0">
  <testcase name="validateAppNavBar" time="0.277" classname="Academy.validateNavigationBar"/>
</testsuite> <!-- Academy.validateNavigationBar -->
